{
  "RSpec": {
    "coverage": {
      "/Users/thomasbattiston/Projects/MesAteliersDIY/madiy-platform/app/controllers/application_controller.rb": {
        "lines": [
          1,
          1,
          null,
          1,
          null,
          1,
          5,
          null,
          null,
          null,
          null,
          null
        ]
      },
      "/Users/thomasbattiston/Projects/MesAteliersDIY/madiy-platform/app/helpers/application_helper.rb": {
        "lines": [
          1,
          null
        ]
      },
      "/Users/thomasbattiston/Projects/MesAteliersDIY/madiy-platform/app/models/admin_user.rb": {
        "lines": [
          1,
          null,
          null,
          1,
          null,
          null
        ]
      },
      "/Users/thomasbattiston/Projects/MesAteliersDIY/madiy-platform/app/models/application_record.rb": {
        "lines": [
          1,
          1,
          null,
          1,
          null
        ]
      },
      "/Users/thomasbattiston/Projects/MesAteliersDIY/madiy-platform/app/admin/admin_users.rb": {
        "lines": [
          1,
          1,
          null,
          1,
          0,
          0,
          0,
          0,
          0,
          0,
          0,
          null,
          null,
          1,
          1,
          1,
          1,
          null,
          1,
          0,
          0,
          0,
          0,
          null,
          0,
          null,
          null,
          null
        ]
      },
      "/Users/thomasbattiston/Projects/MesAteliersDIY/madiy-platform/app/admin/dashboard.rb": {
        "lines": [
          1,
          1,
          null,
          1,
          0,
          0,
          0,
          0,
          null,
          null,
          null,
          null,
          null,
          null,
          null,
          null,
          null,
          null,
          null,
          null,
          null,
          null,
          null,
          null,
          null,
          null,
          null,
          null,
          null,
          null,
          null,
          null
        ]
      },
      "/Users/thomasbattiston/Projects/MesAteliersDIY/madiy-platform/app/admin/workshops.rb": {
        "lines": [
          1,
          null,
          null,
          null,
          null,
          null,
          null,
          1,
          null,
          null,
          null,
          null,
          null,
          null,
          null,
          null,
          null,
          null,
          null,
          null,
          null,
          null,
          1,
          0,
          0,
          0,
          0,
          null,
          null,
          0,
          0,
          0,
          null,
          null,
          null,
          null,
          null,
          1,
          0,
          0,
          0,
          0,
          0,
          0,
          0,
          0,
          0,
          0,
          0,
          null,
          0,
          0,
          0,
          0,
          null,
          null,
          null,
          0,
          0,
          0,
          0,
          0,
          null,
          null,
          null,
          0,
          0,
          null,
          null,
          null,
          0,
          null,
          null,
          null,
          0,
          0,
          null,
          null,
          null,
          0,
          0,
          null,
          null,
          null,
          0,
          null,
          null,
          null
        ]
      },
      "/Users/thomasbattiston/Projects/MesAteliersDIY/madiy-platform/app/models/workshop.rb": {
        "lines": [
          1,
          1,
          null,
          1,
          1,
          null,
          1,
          1,
          null,
          1,
          1,
          null,
          1,
          null,
          1,
          null,
          null,
          null,
          null,
          null,
          1,
          null,
          1,
          1,
          1,
          null,
          1,
          null,
          1,
          3,
          null,
          null
        ]
      },
      "/Users/thomasbattiston/Projects/MesAteliersDIY/madiy-platform/app/models/user.rb": {
        "lines": [
          1,
          null,
          null,
          1,
          null,
          null,
          1,
          null
        ]
      },
      "/Users/thomasbattiston/Projects/MesAteliersDIY/madiy-platform/app/jobs/mailchimp/upsert_newsletter_member_job.rb": {
        "lines": [
          1,
          1,
          1,
          null,
          1,
          2,
          null,
          null,
          null,
          null,
          null,
          null
        ]
      },
      "/Users/thomasbattiston/Projects/MesAteliersDIY/madiy-platform/app/jobs/application_job.rb": {
        "lines": [
          1,
          null,
          null,
          null,
          null,
          null,
          null
        ]
      },
      "/Users/thomasbattiston/Projects/MesAteliersDIY/madiy-platform/app/models/address.rb": {
        "lines": [
          1,
          1,
          null,
          1,
          null,
          1,
          null,
          1,
          2,
          null,
          1,
          null,
          null,
          1,
          null,
          1,
          3,
          null,
          null
        ]
      },
      "/Users/thomasbattiston/Projects/MesAteliersDIY/madiy-platform/app/models/workshop_category.rb": {
        "lines": [
          1,
          1,
          null,
          1,
          null
        ]
      },
      "/Users/thomasbattiston/Projects/MesAteliersDIY/madiy-platform/app/models/workshop_duration.rb": {
        "lines": [
          1,
          1,
          null,
          1,
          null,
          1,
          8,
          null,
          7,
          null,
          null
        ]
      },
      "/Users/thomasbattiston/Projects/MesAteliersDIY/madiy-platform/app/models/workshop_event.rb": {
        "lines": [
          1,
          1,
          null,
          1,
          null,
          1,
          null,
          1,
          null,
          11,
          null,
          1,
          3,
          null,
          2,
          null,
          null,
          1,
          null,
          1,
          6,
          null,
          null
        ]
      },
      "/Users/thomasbattiston/Projects/MesAteliersDIY/madiy-platform/app/models/workshop_price.rb": {
        "lines": [
          1,
          1,
          null,
          1,
          1,
          null,
          1,
          null
        ]
      },
      "/Users/thomasbattiston/Projects/MesAteliersDIY/madiy-platform/app/controllers/newsletter_members_controller.rb": {
        "lines": [
          1,
          1,
          2,
          2,
          null,
          2,
          1,
          null,
          1,
          null,
          null,
          null,
          1,
          null,
          1,
          2,
          null,
          null
        ]
      },
      "/Users/thomasbattiston/Projects/MesAteliersDIY/madiy-platform/app/controllers/users/registrations_controller.rb": {
        "lines": [
          1,
          1,
          1,
          4,
          4,
          null,
          null,
          null,
          null
        ]
      },
      "/Users/thomasbattiston/Projects/MesAteliersDIY/madiy-platform/app/controllers/workshops_controller.rb": {
        "lines": [
          1,
          1,
          0,
          null,
          null,
          1,
          0,
          null,
          null,
          1,
          2,
          null,
          2,
          1,
          null,
          1,
          null,
          null,
          null,
          1,
          null,
          1,
          2,
          null,
          null,
          null,
          null,
          null,
          null,
          null,
          null
        ]
      },
      "/Users/thomasbattiston/Projects/MesAteliersDIY/madiy-platform/app/services/mailchimp/upsert_newsletter_member.rb": {
        "lines": [
          1,
          1,
          1,
          null,
          1,
          1,
          null,
          1,
          7,
          7,
          null,
          null,
          1,
          5,
          null,
          5,
          null,
          3,
          null,
          2,
          2,
          null,
          2,
          null,
          null,
          1,
          null,
          1,
          null,
          5,
          null,
          null,
          null,
          null,
          null,
          null,
          null,
          5,
          null,
          5,
          null,
          null,
          1,
          5,
          null,
          null,
          1,
          5,
          null,
          5,
          null,
          null,
          1,
          5,
          null,
          5,
          null,
          null,
          null
        ]
      },
      "/Users/thomasbattiston/Projects/MesAteliersDIY/madiy-platform/app/services/workshops_services/propose_workshop.rb": {
        "lines": [
          1,
          1,
          1,
          10,
          10,
          null,
          null,
          1,
          1,
          3,
          null,
          null,
          null,
          1,
          9,
          null,
          null,
          9,
          null,
          null,
          1,
          null,
          1,
          null,
          1,
          9,
          9,
          9,
          null,
          null,
          null,
          null
        ]
      },
      "/Users/thomasbattiston/Projects/MesAteliersDIY/madiy-platform/app/mailers/application_mailer.rb": {
        "lines": [
          0,
          0,
          0,
          0
        ],
        "branches": {
        }
      },
      "/Users/thomasbattiston/Projects/MesAteliersDIY/madiy-platform/app/channels/application_cable/connection.rb": {
        "lines": [
          0,
          0,
          0,
          0
        ],
        "branches": {
        }
      },
      "/Users/thomasbattiston/Projects/MesAteliersDIY/madiy-platform/app/channels/application_cable/channel.rb": {
        "lines": [
          0,
          0,
          0,
          0
        ],
        "branches": {
        }
      }
    },
    "timestamp": 1602934959
  }
}
